[17:36:24] [info] VIOLET: Creating window Violet Engine (1200, 800)
[17:36:26] [info] VIOLET: OpenGL Info: 
[17:36:26] [info] VIOLET:  Vendor: NVIDIA Corporation 
[17:36:26] [info] VIOLET:  Renderer : NVIDIA GeForce GTX 1650/PCIe/SSE2 
[17:36:26] [info] VIOLET:  Version: 4.6.0 NVIDIA 512.59 
[17:36:26] [trace] APP: FPS: 0.468077 (2.1364 / ms) 
[17:36:26] [trace] APP: FPS: 22.2305 (0.0449831 / ms) 
[17:36:27] [trace] APP: FPS: 8.68609 (0.115127 / ms) 
[17:36:27] [trace] APP: FPS: 56.8403 (0.0175931 / ms) 
[17:36:27] [trace] APP: FPS: 62.7899 (0.0159261 / ms) 
[17:36:27] [trace] APP: FPS: 61.5136 (0.0162566 / ms) 
[17:36:27] [trace] APP: FPS: 60.6727 (0.0164819 / ms) 
[17:36:27] [trace] APP: FPS: 57.398 (0.0174222 / ms) 
[17:36:27] [trace] APP: FPS: 56.8873 (0.0175786 / ms) 
[17:36:27] [trace] APP: FPS: 65.5657 (0.0152519 / ms) 
[17:36:27] [trace] APP: FPS: 56.2186 (0.0177877 / ms) 
[17:36:27] [trace] APP: FPS: 61.0418 (0.0163822 / ms) 
[17:36:27] [trace] APP: FPS: 62.5969 (0.0159752 / ms) 
[17:36:27] [trace] APP: FPS: 59.1847 (0.0168962 / ms) 
[17:36:27] [trace] APP: FPS: 56.391 (0.0177333 / ms) 
[17:36:27] [trace] APP: FPS: 57.7919 (0.0173035 / ms) 
[17:36:27] [trace] APP: FPS: 68.3534 (0.0146298 / ms) 
[17:36:27] [trace] APP: FPS: 58.1533 (0.0171959 / ms) 
[17:36:27] [trace] APP: FPS: 53.2157 (0.0187914 / ms) 
[17:36:27] [trace] APP: FPS: 72.6136 (0.0137715 / ms) 
[17:36:27] [trace] APP: FPS: 60.7237 (0.016468 / ms) 
[17:36:27] [trace] APP: FPS: 55.6525 (0.0179687 / ms) 
[17:36:27] [trace] APP: FPS: 61.4892 (0.016263 / ms) 
[17:36:27] [trace] APP: FPS: 59.8204 (0.0167167 / ms) 
[17:36:27] [trace] APP: FPS: 61.82 (0.016176 / ms) 
[17:36:27] [trace] APP: FPS: 59.6553 (0.016763 / ms) 
[17:36:27] [trace] APP: FPS: 59.9375 (0.0166841 / ms) 
[17:36:27] [trace] APP: FPS: 58.822 (0.0170004 / ms) 
[17:36:27] [trace] APP: FPS: 61.3642 (0.0162961 / ms) 
[17:36:27] [trace] APP: FPS: 60.1748 (0.0166183 / ms) 
[17:36:27] [trace] APP: FPS: 60.0104 (0.0166638 / ms) 
[17:36:27] [trace] APP: FPS: 56.1629 (0.0178053 / ms) 
[17:36:27] [trace] APP: FPS: 65.8633 (0.015183 / ms) 
[17:36:27] [trace] APP: FPS: 55.1208 (0.018142 / ms) 
[17:36:27] [trace] APP: FPS: 55.2675 (0.0180938 / ms) 
[17:36:27] [trace] APP: FPS: 72.8317 (0.0137303 / ms) 
[17:36:27] [trace] APP: FPS: 55.3733 (0.0180593 / ms) 
[17:36:27] [trace] APP: FPS: 55.9733 (0.0178657 / ms) 
[17:36:27] [trace] APP: FPS: 65.5852 (0.0152473 / ms) 
[17:36:27] [trace] APP: FPS: 56.6453 (0.0176537 / ms) 
[17:36:27] [trace] APP: FPS: 62.2245 (0.0160708 / ms) 
[17:36:27] [trace] APP: FPS: 60.4951 (0.0165303 / ms) 
[17:36:27] [trace] APP: FPS: 71.8646 (0.0139151 / ms) 
[17:36:27] [trace] APP: FPS: 57.2226 (0.0174756 / ms) 
[17:36:27] [trace] APP: FPS: 63.7839 (0.0156779 / ms) 
[17:36:27] [trace] APP: FPS: 54.0656 (0.018496 / ms) 
[17:36:27] [trace] APP: FPS: 63.1786 (0.0158281 / ms) 
[17:36:27] [trace] APP: FPS: 61.1067 (0.0163648 / ms) 
[17:36:27] [trace] APP: FPS: 58.7396 (0.0170243 / ms) 
[17:36:27] [trace] APP: FPS: 64.1154 (0.0155969 / ms) 
[17:36:27] [trace] APP: FPS: 56.0578 (0.0178387 / ms) 
[17:36:27] [trace] APP: FPS: 62.6006 (0.0159743 / ms) 
[17:36:27] [trace] APP: FPS: 59.3976 (0.0168357 / ms) 
[17:36:27] [trace] APP: FPS: 58.1178 (0.0172064 / ms) 
[17:36:27] [trace] APP: FPS: 62.3003 (0.0160513 / ms) 
[17:36:27] [trace] APP: FPS: 56.6714 (0.0176456 / ms) 
[17:36:27] [trace] APP: FPS: 65.033 (0.0153768 / ms) 
[17:36:27] [trace] APP: FPS: 59.5334 (0.0167973 / ms) 
[17:36:27] [trace] APP: FPS: 60.7712 (0.0164552 / ms) 
[17:36:27] [trace] APP: FPS: 58.8319 (0.0169976 / ms) 
[17:36:28] [trace] APP: FPS: 59.6893 (0.0167534 / ms) 
[17:36:28] [trace] APP: FPS: 61.4757 (0.0162666 / ms) 
[17:36:28] [trace] APP: FPS: 60.4959 (0.01653 / ms) 
[17:36:28] [trace] APP: FPS: 59.7164 (0.0167458 / ms) 
[17:36:28] [trace] APP: FPS: 58.2162 (0.0171773 / ms) 
[17:36:28] [trace] APP: FPS: 60.3332 (0.0165746 / ms) 
[17:36:28] [trace] APP: FPS: 58.9005 (0.0169778 / ms) 
[17:36:28] [trace] APP: FPS: 60.5684 (0.0165102 / ms) 
[17:36:28] [trace] APP: FPS: 60.6797 (0.01648 / ms) 
[17:36:28] [trace] APP: FPS: 60.7764 (0.0164537 / ms) 
[17:36:28] [trace] APP: FPS: 60.2396 (0.0166004 / ms) 
[17:36:28] [trace] APP: FPS: 61.032 (0.0163848 / ms) 
[17:36:28] [trace] APP: FPS: 60.0413 (0.0166552 / ms) 
[17:36:28] [trace] APP: FPS: 60.276 (0.0165904 / ms) 
[17:36:28] [trace] APP: FPS: 60.5772 (0.0165079 / ms) 
[17:36:28] [trace] APP: FPS: 59.4937 (0.0168085 / ms) 
[17:36:28] [trace] APP: FPS: 59.6612 (0.0167613 / ms) 
[17:36:28] [trace] APP: FPS: 60.3514 (0.0165696 / ms) 
[17:36:28] [trace] APP: FPS: 58.8138 (0.0170028 / ms) 
[17:36:28] [trace] APP: FPS: 57.6505 (0.0173459 / ms) 
[17:36:28] [trace] APP: FPS: 61.6964 (0.0162084 / ms) 
[17:36:28] [trace] APP: FPS: 57.4696 (0.0174005 / ms) 
[17:36:28] [trace] APP: FPS: 58.9526 (0.0169628 / ms) 
[17:36:28] [trace] APP: FPS: 64.9887 (0.0153873 / ms) 
[17:36:28] [trace] APP: FPS: 59.406 (0.0168333 / ms) 
[17:36:28] [trace] APP: FPS: 63.2148 (0.0158191 / ms) 
[17:36:28] [trace] APP: FPS: 58.7421 (0.0170236 / ms) 
[17:36:29] [trace] APP: FPS: 1.57874 (0.633415 / ms) 
[17:36:29] [trace] APP: FPS: 58.7454 (0.0170226 / ms) 
[17:36:29] [trace] APP: FPS: 55.539 (0.0180054 / ms) 
[17:36:29] [trace] APP: FPS: 62.6633 (0.0159583 / ms) 
[17:36:29] [trace] APP: FPS: 59.7411 (0.0167389 / ms) 
[17:36:29] [trace] APP: FPS: 57.966 (0.0172515 / ms) 
[17:36:29] [trace] APP: FPS: 62.9152 (0.0158944 / ms) 
[17:36:29] [trace] APP: FPS: 61.6882 (0.0162106 / ms) 
[17:36:29] [trace] APP: FPS: 53.7194 (0.0186152 / ms) 
[17:36:29] [trace] APP: FPS: 63.9649 (0.0156336 / ms) 
[17:36:29] [trace] APP: FPS: 62.291 (0.0160537 / ms) 
[17:36:29] [trace] APP: FPS: 59.6104 (0.0167756 / ms) 
[17:36:29] [trace] APP: FPS: 61.7681 (0.0161896 / ms) 
[17:36:29] [trace] APP: FPS: 60.7026 (0.0164738 / ms) 
[17:36:29] [trace] APP: FPS: 59.546 (0.0167937 / ms) 
[17:36:29] [trace] APP: FPS: 61.7463 (0.0161953 / ms) 
[17:36:29] [trace] APP: FPS: 60.5746 (0.0165086 / ms) 
[17:36:29] [trace] APP: FPS: 60.4855 (0.0165329 / ms) 
[17:36:29] [trace] APP: FPS: 55.8332 (0.0179105 / ms) 
[17:36:29] [trace] APP: FPS: 63.7103 (0.015696 / ms) 
[17:36:29] [trace] APP: FPS: 59.1447 (0.0169077 / ms) 
[17:36:29] [trace] APP: FPS: 59.153 (0.0169053 / ms) 
[17:36:29] [trace] APP: FPS: 61.322 (0.0163074 / ms) 
[17:36:29] [trace] APP: FPS: 59.7037 (0.0167494 / ms) 
[17:36:29] [trace] APP: FPS: 57.1307 (0.0175037 / ms) 
[17:36:29] [trace] APP: FPS: 63.1939 (0.0158243 / ms) 
[17:36:29] [trace] APP: FPS: 58.4425 (0.0171108 / ms) 
[17:36:29] [trace] APP: FPS: 61.9104 (0.0161524 / ms) 
[17:36:29] [trace] APP: FPS: 58.3693 (0.0171323 / ms) 
[17:36:29] [trace] APP: FPS: 63.404 (0.0157719 / ms) 
[17:36:29] [trace] APP: FPS: 57.8014 (0.0173006 / ms) 
[17:36:29] [trace] APP: FPS: 61.7536 (0.0161934 / ms) 
[17:36:29] [trace] APP: FPS: 57.3039 (0.0174508 / ms) 
[17:36:29] [trace] APP: FPS: 61.4496 (0.0162735 / ms) 
[17:36:29] [trace] APP: FPS: 60.0989 (0.0166392 / ms) 
[17:36:29] [trace] APP: FPS: 57.9756 (0.0172486 / ms) 
[17:36:29] [trace] APP: FPS: 60.7571 (0.016459 / ms) 
[17:36:29] [trace] APP: FPS: 63.0855 (0.0158515 / ms) 
[17:36:29] [trace] APP: FPS: 58.8823 (0.016983 / ms) 
[17:36:29] [trace] APP: FPS: 57.9564 (0.0172544 / ms) 
[17:36:29] [trace] APP: FPS: 58.7734 (0.0170145 / ms) 
[17:36:29] [trace] APP: FPS: 62.7589 (0.015934 / ms) 
[17:36:29] [trace] APP: FPS: 62.1194 (0.016098 / ms) 
[17:36:29] [trace] APP: FPS: 57.2664 (0.0174623 / ms) 
[17:36:29] [trace] APP: FPS: 45.5635 (0.0219474 / ms) 
[17:36:29] [trace] APP: FPS: 65.1269 (0.0153546 / ms) 
[17:36:29] [trace] APP: FPS: 74.2644 (0.0134654 / ms) 
[17:36:29] [trace] APP: FPS: 55.3251 (0.018075 / ms) 
[17:36:29] [trace] APP: FPS: 65.3115 (0.0153112 / ms) 
[17:36:29] [trace] APP: FPS: 56.7089 (0.0176339 / ms) 
[17:36:29] [trace] APP: FPS: 58.6436 (0.0170522 / ms) 
[17:36:29] [trace] APP: FPS: 61.1718 (0.0163474 / ms) 
[17:36:29] [trace] APP: FPS: 62.5381 (0.0159903 / ms) 
[17:36:29] [trace] APP: FPS: 55.7635 (0.0179329 / ms) 
[17:36:29] [trace] APP: FPS: 61.8118 (0.0161781 / ms) 
[17:36:29] [trace] APP: FPS: 63.4098 (0.0157704 / ms) 
[17:36:30] [trace] APP: FPS: 60.3306 (0.0165753 / ms) 
[17:36:30] [trace] APP: FPS: 59.5934 (0.0167804 / ms) 
[17:36:30] [trace] APP: FPS: 61.2057 (0.0163383 / ms) 
[17:36:30] [trace] APP: FPS: 60.2855 (0.0165877 / ms) 
[17:36:30] [trace] APP: FPS: 55.2216 (0.0181088 / ms) 
[17:36:30] [trace] APP: FPS: 63.7355 (0.0156898 / ms) 
[17:36:30] [trace] APP: FPS: 61.6248 (0.0162272 / ms) 
[17:36:30] [trace] APP: FPS: 55.8422 (0.0179076 / ms) 
[17:36:30] [trace] APP: FPS: 62.147 (0.0160909 / ms) 
[17:36:30] [trace] APP: FPS: 60.6253 (0.0164948 / ms) 
[17:36:30] [trace] APP: FPS: 62.3225 (0.0160456 / ms) 
[17:36:30] [trace] APP: FPS: 60.1403 (0.0166278 / ms) 
[17:36:30] [trace] APP: FPS: 60.0164 (0.0166621 / ms) 
[17:36:30] [trace] APP: FPS: 61.0063 (0.0163918 / ms) 
[17:36:30] [trace] APP: FPS: 64.9032 (0.0154076 / ms) 
[17:36:30] [trace] APP: FPS: 60.1282 (0.0166311 / ms) 
[17:36:30] [trace] APP: FPS: 60.4262 (0.0165491 / ms) 
[17:36:30] [trace] APP: FPS: 56.1592 (0.0178065 / ms) 
[17:36:30] [trace] APP: FPS: 63.475 (0.0157542 / ms) 
[17:36:30] [trace] APP: FPS: 57.4248 (0.0174141 / ms) 
[17:36:30] [trace] APP: FPS: 61.9964 (0.01613 / ms) 
[17:36:30] [trace] APP: FPS: 59.5934 (0.0167804 / ms) 
[17:36:30] [trace] APP: FPS: 58.3109 (0.0171494 / ms) 
[17:36:30] [trace] APP: FPS: 61.088 (0.0163698 / ms) 
[17:36:30] [trace] APP: FPS: 60.9 (0.0164204 / ms) 
[17:36:30] [trace] APP: FPS: 58.2348 (0.0171719 / ms) 
[17:36:30] [trace] APP: FPS: 61.0738 (0.0163736 / ms) 
[17:36:30] [trace] APP: FPS: 60.8735 (0.0164275 / ms) 
[17:36:30] [trace] APP: FPS: 59.1814 (0.0168972 / ms) 
[17:36:30] [trace] APP: FPS: 62.5194 (0.015995 / ms) 
[17:36:30] [trace] APP: FPS: 59.9186 (0.0166893 / ms) 
[17:36:30] [trace] APP: FPS: 59.8178 (0.0167174 / ms) 
[17:36:30] [trace] APP: FPS: 60.6709 (0.0164824 / ms) 
[17:36:30] [trace] APP: FPS: 60.3966 (0.0165572 / ms) 
[17:36:30] [trace] APP: FPS: 56.5728 (0.0176764 / ms) 
[17:36:30] [trace] APP: FPS: 62.5847 (0.0159783 / ms) 
[17:36:30] [trace] APP: FPS: 59.3707 (0.0168433 / ms) 
[17:36:30] [trace] APP: FPS: 59.4094 (0.0168324 / ms) 
[17:36:30] [trace] APP: FPS: 59.2299 (0.0168834 / ms) 
[17:36:30] [trace] APP: FPS: 59.2198 (0.0168862 / ms) 
[17:36:30] [trace] APP: FPS: 54.2685 (0.0184269 / ms) 
[17:36:30] [trace] APP: FPS: 67.3438 (0.0148492 / ms) 
[17:36:30] [trace] APP: FPS: 59.0232 (0.0169425 / ms) 
[17:36:30] [trace] APP: FPS: 64.1272 (0.015594 / ms) 
[17:36:30] [trace] APP: FPS: 55.1926 (0.0181184 / ms) 
[17:36:30] [trace] APP: FPS: 65.9523 (0.0151625 / ms) 
[17:36:30] [trace] APP: FPS: 55.2129 (0.0181117 / ms) 
[17:36:30] [trace] APP: FPS: 64.0665 (0.0156088 / ms) 
[17:36:30] [trace] APP: FPS: 54.8548 (0.01823 / ms) 
[17:36:30] [trace] APP: FPS: 62.9152 (0.0158944 / ms) 
[17:36:30] [trace] APP: FPS: 57.4988 (0.0173917 / ms) 
[17:36:30] [trace] APP: FPS: 64.2943 (0.0155535 / ms) 
[17:36:30] [trace] APP: FPS: 54.9784 (0.018189 / ms) 
[17:36:30] [trace] APP: FPS: 66.4497 (0.015049 / ms) 
[17:36:30] [trace] APP: FPS: 56.4054 (0.0177288 / ms) 
[17:36:30] [trace] APP: FPS: 62.9076 (0.0158963 / ms) 
[17:36:30] [trace] APP: FPS: 59.4481 (0.0168214 / ms) 
[17:36:30] [trace] APP: FPS: 24.7577 (0.0403914 / ms) 
[17:36:31] [trace] APP: FPS: 36.1291 (0.0276785 / ms) 
[17:36:31] [trace] APP: FPS: 60.6727 (0.0164819 / ms) 
[17:36:31] [trace] APP: FPS: 60.289 (0.0165868 / ms) 
[17:36:31] [trace] APP: FPS: 56.7227 (0.0176296 / ms) 
[17:36:31] [trace] APP: FPS: 67.4998 (0.0148149 / ms) 
[17:36:31] [trace] APP: FPS: 55.1897 (0.0181193 / ms) 
[17:36:31] [trace] APP: FPS: 63.0324 (0.0158648 / ms) 
[17:36:31] [trace] APP: FPS: 57.7473 (0.0173168 / ms) 
[17:36:31] [trace] APP: FPS: 63.3026 (0.0157971 / ms) 
[17:36:31] [trace] APP: FPS: 57.3651 (0.0174322 / ms) 
[17:36:31] [trace] APP: FPS: 60.0955 (0.0166402 / ms) 
[17:36:31] [trace] APP: FPS: 56.1802 (0.0177999 / ms) 
[17:36:31] [trace] APP: FPS: 67.1604 (0.0148897 / ms) 
[17:36:31] [trace] APP: FPS: 60.18 (0.0166168 / ms) 
[17:36:31] [trace] APP: FPS: 58.8873 (0.0169816 / ms) 
[17:36:31] [trace] APP: FPS: 60.1455 (0.0166264 / ms) 
[17:36:31] [trace] APP: FPS: 61.1522 (0.0163527 / ms) 
[17:36:31] [trace] APP: FPS: 56.2631 (0.0177736 / ms) 
[17:36:31] [trace] APP: FPS: 65.0784 (0.0153661 / ms) 
[17:36:31] [trace] APP: FPS: 59.1647 (0.016902 / ms) 
[17:36:31] [trace] APP: FPS: 63.9571 (0.0156355 / ms) 
[17:36:31] [trace] APP: FPS: 59.3674 (0.0168443 / ms) 
[17:36:31] [trace] APP: FPS: 60.923 (0.0164142 / ms) 
[17:36:31] [trace] APP: FPS: 59.5951 (0.0167799 / ms) 
[17:36:31] [trace] APP: FPS: 62.804 (0.0159225 / ms) 
[17:36:31] [trace] APP: FPS: 60.4419 (0.0165448 / ms) 
[17:36:31] [trace] APP: FPS: 61.4802 (0.0162654 / ms) 
[17:36:31] [trace] APP: FPS: 58.358 (0.0171356 / ms) 
[17:36:31] [trace] APP: FPS: 63.0192 (0.0158682 / ms) 
[17:36:31] [trace] APP: FPS: 56.0856 (0.0178299 / ms) 
[17:36:31] [trace] APP: FPS: 60.1817 (0.0166163 / ms) 
[17:36:31] [trace] APP: FPS: 61.6284 (0.0162263 / ms) 
[17:36:31] [trace] APP: FPS: 59.2801 (0.0168691 / ms) 
[17:36:31] [trace] APP: FPS: 60.2959 (0.0165849 / ms) 
[17:36:31] [trace] APP: FPS: 61.7518 (0.0161939 / ms) 
[17:36:31] [trace] APP: FPS: 57.329 (0.0174432 / ms) 
[17:36:31] [trace] APP: FPS: 62.8341 (0.0159149 / ms) 
[17:36:31] [trace] APP: FPS: 59.4616 (0.0168176 / ms) 
[17:36:31] [trace] APP: FPS: 58.1299 (0.0172029 / ms) 
[17:36:31] [trace] APP: FPS: 62.0074 (0.0161271 / ms) 
[17:36:31] [trace] APP: FPS: 60.8382 (0.0164371 / ms) 
[17:36:31] [trace] APP: FPS: 61.0596 (0.0163774 / ms) 
[17:36:31] [trace] APP: FPS: 56.9028 (0.0175738 / ms) 
[17:36:31] [trace] APP: FPS: 59.0697 (0.0169291 / ms) 
[17:36:31] [trace] APP: FPS: 60.6078 (0.0164995 / ms) 
[17:36:31] [trace] APP: FPS: 59.9872 (0.0166702 / ms) 
[17:36:31] [trace] APP: FPS: 63.0381 (0.0158634 / ms) 
[17:36:31] [trace] APP: FPS: 57.9196 (0.0172653 / ms) 
[17:36:31] [trace] APP: FPS: 58.4165 (0.0171185 / ms) 
[17:36:31] [trace] APP: FPS: 61.0756 (0.0163732 / ms) 
[17:36:31] [trace] APP: FPS: 61.2307 (0.0163317 / ms) 
[17:36:31] [trace] APP: FPS: 58.2656 (0.0171628 / ms) 
[17:36:31] [trace] APP: FPS: 62.4729 (0.0160069 / ms) 
[17:36:31] [trace] APP: FPS: 60.8434 (0.0164356 / ms) 
[17:36:31] [trace] APP: FPS: 57.5872 (0.017365 / ms) 
[17:36:31] [trace] APP: FPS: 63.272 (0.0158048 / ms) 
[17:36:31] [trace] APP: FPS: 59.0697 (0.0169291 / ms) 
[17:36:31] [trace] APP: FPS: 51.2714 (0.0195041 / ms) 
[17:36:31] [trace] APP: FPS: 69.1057 (0.0144706 / ms) 
[17:36:31] [trace] APP: FPS: 63.0135 (0.0158696 / ms) 
[17:36:32] [trace] APP: FPS: 57.5271 (0.0173831 / ms) 
[17:36:32] [trace] APP: FPS: 61.1843 (0.0163441 / ms) 
[17:36:32] [trace] APP: FPS: 58.7388 (0.0170245 / ms) 
[17:36:32] [trace] APP: FPS: 62.652 (0.0159612 / ms) 
[17:36:32] [trace] APP: FPS: 57.5035 (0.0173903 / ms) 
[17:36:32] [trace] APP: FPS: 59.6969 (0.0167513 / ms) 
[17:36:32] [trace] APP: FPS: 54.3585 (0.0183964 / ms) 
[17:36:32] [trace] APP: FPS: 55.9912 (0.0178599 / ms) 
[17:36:32] [trace] APP: FPS: 64.496 (0.0155048 / ms) 
[17:36:32] [trace] APP: FPS: 63.8014 (0.0156736 / ms) 
[17:36:32] [trace] APP: FPS: 51.1513 (0.0195498 / ms) 
[17:36:32] [trace] APP: FPS: 64.829 (0.0154252 / ms) 
[17:36:32] [trace] APP: FPS: 58.6616 (0.0170469 / ms) 
[17:36:32] [trace] APP: FPS: 63.7995 (0.0156741 / ms) 
[17:36:32] [trace] APP: FPS: 56.7519 (0.0176206 / ms) 
[17:36:32] [trace] APP: FPS: 68.7208 (0.0145516 / ms) 
[17:36:32] [trace] APP: FPS: 56.3281 (0.0177531 / ms) 
[17:36:32] [trace] APP: FPS: 67.0788 (0.0149078 / ms) 
[17:36:32] [trace] APP: FPS: 52.1368 (0.0191803 / ms) 
[17:36:32] [trace] APP: FPS: 61.5181 (0.0162554 / ms) 
[17:36:32] [trace] APP: FPS: 59.8468 (0.0167093 / ms) 
[17:36:32] [trace] APP: FPS: 60.0852 (0.016643 / ms) 
[17:36:32] [trace] APP: FPS: 58.9353 (0.0169678 / ms) 
[17:36:32] [trace] APP: FPS: 62.243 (0.0160661 / ms) 
[17:36:32] [trace] APP: FPS: 56.4114 (0.0177269 / ms) 
[17:36:32] [trace] APP: FPS: 62.512 (0.0159969 / ms) 
[17:36:32] [trace] APP: FPS: 60.0198 (0.0166612 / ms) 
[17:36:32] [trace] APP: FPS: 62.3633 (0.0160351 / ms) 
[17:36:32] [trace] APP: FPS: 60.4262 (0.0165491 / ms) 
[17:36:32] [trace] APP: FPS: 59.9084 (0.0166922 / ms) 
[17:36:32] [trace] APP: FPS: 60.0955 (0.0166402 / ms) 
[17:36:32] [trace] APP: FPS: 61.2146 (0.016336 / ms) 
[17:36:32] [trace] APP: FPS: 53.4089 (0.0187235 / ms) 
[17:36:32] [trace] APP: FPS: 66.0333 (0.0151439 / ms) 
[17:36:32] [trace] APP: FPS: 56.9631 (0.0175552 / ms) 
[17:36:32] [trace] APP: FPS: 59.2751 (0.0168705 / ms) 
[17:36:32] [trace] APP: FPS: 65.8364 (0.0151892 / ms) 
[17:36:32] [trace] APP: FPS: 51.5182 (0.0194106 / ms) 
[17:36:32] [trace] APP: FPS: 64.1566 (0.0155869 / ms) 
[17:36:32] [trace] APP: FPS: 64.2864 (0.0155554 / ms) 
[17:36:32] [trace] APP: FPS: 56.2315 (0.0177836 / ms) 
[17:36:32] [trace] APP: FPS: 69.7215 (0.0143428 / ms) 
[17:36:32] [trace] APP: FPS: 57.9436 (0.0172582 / ms) 
[17:36:32] [trace] APP: FPS: 52.6605 (0.0189896 / ms) 
[17:36:32] [trace] APP: FPS: 61.7463 (0.0161953 / ms) 
[17:36:32] [trace] APP: FPS: 62.7909 (0.0159259 / ms) 
[17:36:32] [trace] APP: FPS: 57.4625 (0.0174026 / ms) 
[17:36:32] [trace] APP: FPS: 66.2691 (0.01509 / ms) 
[17:36:32] [trace] APP: FPS: 58.6714 (0.0170441 / ms) 
[17:36:32] [trace] APP: FPS: 62.1452 (0.0160913 / ms) 
[17:36:32] [trace] APP: FPS: 52.0514 (0.0192118 / ms) 
[17:36:32] [trace] APP: FPS: 72.914 (0.0137148 / ms) 
[17:36:32] [trace] APP: FPS: 55.6274 (0.0179768 / ms) 
[17:36:32] [trace] APP: FPS: 64.8671 (0.0154161 / ms) 
[17:36:32] [trace] APP: FPS: 58.8393 (0.0169954 / ms) 
[17:36:32] [trace] APP: FPS: 63.1672 (0.015831 / ms) 
[17:36:32] [trace] APP: FPS: 57.7919 (0.0173035 / ms) 
[17:36:32] [trace] APP: FPS: 59.2583 (0.0168753 / ms) 
[17:36:32] [trace] APP: FPS: 55.7872 (0.0179253 / ms) 
[17:36:32] [trace] APP: FPS: 60.6674 (0.0164833 / ms) 
[17:36:33] [trace] APP: FPS: 58.1251 (0.0172043 / ms) 
[17:36:33] [trace] APP: FPS: 61.7281 (0.0162001 / ms) 
[17:36:33] [trace] APP: FPS: 68.7185 (0.0145521 / ms) 
[17:36:33] [trace] APP: FPS: 54.6674 (0.0182924 / ms) 
[17:36:33] [trace] APP: FPS: 62.8266 (0.0159168 / ms) 
[17:36:33] [trace] APP: FPS: 62.2522 (0.0160637 / ms) 
[17:36:33] [trace] APP: FPS: 61.482 (0.0162649 / ms) 
[17:36:33] [trace] APP: FPS: 59.322 (0.0168571 / ms) 
[17:36:33] [trace] APP: FPS: 58.0478 (0.0172272 / ms) 
[17:36:33] [trace] APP: FPS: 60.0147 (0.0166626 / ms) 
[17:36:33] [trace] APP: FPS: 55.0376 (0.0181694 / ms) 
[17:36:33] [trace] APP: FPS: 61.8519 (0.0161676 / ms) 
[17:36:33] [trace] APP: FPS: 62.7064 (0.0159473 / ms) 
[17:36:33] [trace] APP: FPS: 65.8984 (0.0151749 / ms) 
[17:36:33] [trace] APP: FPS: 60.1386 (0.0166283 / ms) 
[17:36:33] [trace] APP: FPS: 58.7339 (0.0170259 / ms) 
[17:36:33] [trace] APP: FPS: 59.1313 (0.0169115 / ms) 
[17:36:33] [trace] APP: FPS: 63.9142 (0.015646 / ms) 
[17:36:33] [trace] APP: FPS: 62.7251 (0.0159426 / ms) 
[17:36:33] [trace] APP: FPS: 54.8964 (0.0182161 / ms) 
[17:36:33] [trace] APP: FPS: 63.2549 (0.0158091 / ms) 
[17:36:33] [trace] APP: FPS: 59.9221 (0.0166883 / ms) 
[17:36:33] [trace] APP: FPS: 60.5973 (0.0165024 / ms) 
[17:36:33] [trace] APP: FPS: 58.4784 (0.0171003 / ms) 
[17:36:33] [trace] APP: FPS: 63.7084 (0.0156965 / ms) 
[17:36:33] [trace] APP: FPS: 55.5979 (0.0179863 / ms) 
[17:36:33] [trace] APP: FPS: 61.6302 (0.0162258 / ms) 
[17:36:33] [trace] APP: FPS: 58.7109 (0.0170326 / ms) 
[17:36:33] [trace] APP: FPS: 64.2116 (0.0155735 / ms) 
[17:36:33] [trace] APP: FPS: 60.2422 (0.0165997 / ms) 
[17:36:33] [trace] APP: FPS: 60.7694 (0.0164557 / ms) 
[17:36:33] [trace] APP: FPS: 59.9906 (0.0166693 / ms) 
[17:36:33] [trace] APP: FPS: 55.8496 (0.0179052 / ms) 
[17:36:33] [trace] APP: FPS: 60.5343 (0.0165195 / ms) 
[17:36:33] [trace] APP: FPS: 61.8082 (0.0161791 / ms) 
[17:36:33] [trace] APP: FPS: 58.3352 (0.0171423 / ms) 
[17:36:33] [trace] APP: FPS: 64.5119 (0.015501 / ms) 
[17:36:33] [trace] APP: FPS: 56.855 (0.0175886 / ms) 
[17:36:33] [trace] APP: FPS: 60.5029 (0.0165281 / ms) 
[17:36:33] [trace] APP: FPS: 59.8536 (0.0167074 / ms) 
[17:36:33] [trace] APP: FPS: 59.5207 (0.0168009 / ms) 
[17:36:33] [trace] APP: FPS: 60.049 (0.0166531 / ms) 
[17:36:33] [trace] APP: FPS: 62.2966 (0.0160522 / ms) 
[17:36:33] [trace] APP: FPS: 59.148 (0.0169067 / ms) 
[17:36:33] [trace] APP: FPS: 58.2672 (0.0171623 / ms) 
[17:36:33] [trace] APP: FPS: 63.232 (0.0158148 / ms) 
[17:36:33] [trace] APP: FPS: 59.3086 (0.016861 / ms) 
[17:36:33] [trace] APP: FPS: 59.108 (0.0169182 / ms) 
[17:36:33] [trace] APP: FPS: 61.2379 (0.0163298 / ms) 
[17:36:33] [trace] APP: FPS: 58.4914 (0.0170965 / ms) 
[17:36:33] [trace] APP: FPS: 61.9506 (0.0161419 / ms) 
[17:36:33] [trace] APP: FPS: 58.3645 (0.0171337 / ms) 
[17:36:33] [trace] APP: FPS: 8.70578 (0.114866 / ms) 
[17:36:33] [trace] APP: FPS: 47.434 (0.0210819 / ms) 
[17:36:34] [trace] APP: FPS: 70.1482 (0.0142555 / ms) 
[17:36:34] [trace] APP: FPS: 61.2128 (0.0163364 / ms) 
[17:36:34] [trace] APP: FPS: 62.4413 (0.0160151 / ms) 
[17:36:34] [trace] APP: FPS: 57.926 (0.0172634 / ms) 
[17:36:34] [trace] APP: FPS: 60.4785 (0.0165348 / ms) 
[17:36:34] [trace] APP: FPS: 60.1765 (0.0166178 / ms) 
[17:36:34] [trace] APP: FPS: 57.7314 (0.0173216 / ms) 
[17:36:34] [trace] APP: FPS: 60.7941 (0.016449 / ms) 
[17:36:34] [trace] APP: FPS: 59.2952 (0.0168648 / ms) 
[17:36:34] [trace] APP: FPS: 59.5106 (0.0168037 / ms) 
[17:36:34] [trace] APP: FPS: 63.7781 (0.0156794 / ms) 
[17:36:34] [trace] APP: FPS: 42.948 (0.023284 / ms) 
[17:36:34] [trace] APP: FPS: 73.5121 (0.0136032 / ms) 
[17:36:34] [trace] APP: FPS: 67.3027 (0.0148582 / ms) 
[17:36:34] [trace] APP: FPS: 55.2376 (0.0181036 / ms) 
[17:36:34] [trace] APP: FPS: 58.7668 (0.0170164 / ms) 
[17:36:34] [trace] APP: FPS: 64.5278 (0.0154972 / ms) 
[17:36:34] [trace] APP: FPS: 64.3772 (0.0155334 / ms) 
[17:36:34] [trace] APP: FPS: 57.6997 (0.0173311 / ms) 
[17:36:34] [trace] APP: FPS: 60.5134 (0.0165253 / ms) 
[17:36:34] [trace] APP: FPS: 57.8046 (0.0172997 / ms) 
[17:36:34] [trace] APP: FPS: 59.5072 (0.0168047 / ms) 
[17:36:34] [trace] APP: FPS: 57.878 (0.0172777 / ms) 
[17:36:34] [trace] APP: FPS: 62.6202 (0.0159693 / ms) 
[17:36:34] [trace] APP: FPS: 60.2215 (0.0166054 / ms) 
[17:36:34] [trace] APP: FPS: 58.8261 (0.0169992 / ms) 
[17:36:34] [trace] APP: FPS: 61.9287 (0.0161476 / ms) 
[17:36:34] [trace] APP: FPS: 58.747 (0.0170221 / ms) 
[17:36:34] [trace] APP: FPS: 64.2746 (0.0155582 / ms) 
[17:36:34] [trace] APP: FPS: 61.6846 (0.0162115 / ms) 
[17:36:34] [trace] APP: FPS: 59.2449 (0.0168791 / ms) 
[17:36:34] [trace] APP: FPS: 57.5824 (0.0173664 / ms) 
[17:36:34] [trace] APP: FPS: 60.8329 (0.0164385 / ms) 
[17:36:34] [trace] APP: FPS: 61.22 (0.0163345 / ms) 
[17:36:34] [trace] APP: FPS: 61.1308 (0.0163584 / ms) 
[17:36:34] [trace] APP: FPS: 62.9738 (0.0158796 / ms) 
[17:36:34] [trace] APP: FPS: 56.5392 (0.0176868 / ms) 
[17:36:34] [trace] APP: FPS: 63.6426 (0.0157127 / ms) 
[17:36:34] [trace] APP: FPS: 56.6461 (0.0176535 / ms) 
[17:36:34] [trace] APP: FPS: 61.7245 (0.016201 / ms) 
[17:36:34] [trace] APP: FPS: 60.9921 (0.0163956 / ms) 
[17:36:34] [trace] APP: FPS: 56.735 (0.0176258 / ms) 
[17:36:34] [trace] APP: FPS: 62.4301 (0.0160179 / ms) 
[17:36:34] [trace] APP: FPS: 60.4994 (0.0165291 / ms) 
[17:36:34] [trace] APP: FPS: 59.6426 (0.0167665 / ms) 
[17:36:34] [trace] APP: FPS: 58.2866 (0.0171566 / ms) 
[17:36:34] [trace] APP: FPS: 62.4152 (0.0160217 / ms) 
[17:36:34] [trace] APP: FPS: 58.8922 (0.0169802 / ms) 
[17:36:34] [trace] APP: FPS: 62.6315 (0.0159664 / ms) 
[17:36:34] [trace] APP: FPS: 57.472 (0.0173998 / ms) 
[17:36:34] [trace] APP: FPS: 60.1662 (0.0166206 / ms) 
[17:36:34] [trace] APP: FPS: 61.195 (0.0163412 / ms) 
[17:36:34] [trace] APP: FPS: 59.6188 (0.0167732 / ms) 
[17:36:34] [trace] APP: FPS: 62.3003 (0.0160513 / ms) 
[17:36:34] [trace] APP: FPS: 59.9186 (0.0166893 / ms) 
[17:36:34] [trace] APP: FPS: 56.2571 (0.0177755 / ms) 
[17:36:34] [trace] APP: FPS: 63.1482 (0.0158358 / ms) 
[17:36:34] [trace] APP: FPS: 59.8571 (0.0167065 / ms) 
[17:36:34] [trace] APP: FPS: 61.8046 (0.01618 / ms) 
[17:36:34] [trace] APP: FPS: 53.7731 (0.0185966 / ms) 
[17:36:35] [trace] APP: FPS: 64.3338 (0.0155439 / ms) 
[17:36:35] [trace] APP: FPS: 62.9889 (0.0158758 / ms) 
[17:36:35] [trace] APP: FPS: 59.1213 (0.0169144 / ms) 
[17:36:35] [trace] APP: FPS: 61.8483 (0.0161686 / ms) 
[17:36:35] [trace] APP: FPS: 57.894 (0.0172729 / ms) 
[17:36:35] [trace] APP: FPS: 58.238 (0.0171709 / ms) 
[17:36:35] [trace] APP: FPS: 61.9213 (0.0161495 / ms) 
[17:36:35] [trace] APP: FPS: 61.1486 (0.0163536 / ms) 
[17:36:35] [trace] APP: FPS: 59.4161 (0.0168304 / ms) 
[17:36:35] [trace] APP: FPS: 62.3521 (0.0160379 / ms) 
[17:36:35] [trace] APP: FPS: 58.2413 (0.01717 / ms) 
[17:36:35] [trace] APP: FPS: 58.5339 (0.0170841 / ms) 
[17:36:35] [trace] APP: FPS: 62.1673 (0.0160856 / ms) 
[17:36:35] [trace] APP: FPS: 57.6679 (0.0173407 / ms) 
[17:36:35] [trace] APP: FPS: 61.0916 (0.0163689 / ms) 
[17:36:35] [trace] APP: FPS: 61.3848 (0.0162907 / ms) 
[17:36:35] [trace] APP: FPS: 56.5911 (0.0176706 / ms) 
[17:36:35] [trace] APP: FPS: 60.0731 (0.0166464 / ms) 
[17:36:35] [trace] APP: FPS: 61.1807 (0.016345 / ms) 
[17:36:35] [trace] APP: FPS: 59.6901 (0.0167532 / ms) 
[17:36:35] [trace] APP: FPS: 64.2038 (0.0155754 / ms) 
[17:36:35] [trace] APP: FPS: 54.9972 (0.0181828 / ms) 
[17:36:35] [trace] APP: FPS: 63.6002 (0.0157232 / ms) 
[17:36:35] [trace] APP: FPS: 62.3262 (0.0160446 / ms) 
[17:36:35] [trace] APP: FPS: 56.8858 (0.0175791 / ms) 
[17:36:35] [trace] APP: FPS: 60.6218 (0.0164957 / ms) 
[17:36:35] [trace] APP: FPS: 59.3388 (0.0168524 / ms) 
[17:36:35] [trace] APP: FPS: 60.0731 (0.0166464 / ms) 
[17:36:35] [trace] APP: FPS: 61.7754 (0.0161877 / ms) 
[17:36:35] [trace] APP: FPS: 57.409 (0.0174189 / ms) 
[17:36:35] [trace] APP: FPS: 61.6447 (0.016222 / ms) 
[17:36:35] [trace] APP: FPS: 60.6394 (0.0164909 / ms) 
[17:36:35] [trace] APP: FPS: 58.6879 (0.0170393 / ms) 
[17:36:35] [trace] APP: FPS: 61.4712 (0.0162678 / ms) 
[17:36:35] [trace] APP: FPS: 57.9612 (0.0172529 / ms) 
[17:36:35] [trace] APP: FPS: 60.6674 (0.0164833 / ms) 
[17:36:35] [trace] APP: FPS: 58.701 (0.0170355 / ms) 
[17:36:35] [trace] APP: FPS: 62.2226 (0.0160713 / ms) 
[17:36:35] [trace] APP: FPS: 60.4401 (0.0165453 / ms) 
[17:36:35] [trace] APP: FPS: 60.6569 (0.0164862 / ms) 
[17:36:35] [trace] APP: FPS: 56.1186 (0.0178194 / ms) 
[17:36:35] [trace] APP: FPS: 60.9637 (0.0164032 / ms) 
[17:36:35] [trace] APP: FPS: 64.1292 (0.0155935 / ms) 
[17:36:35] [trace] APP: FPS: 58.251 (0.0171671 / ms) 
[17:36:35] [trace] APP: FPS: 57.9933 (0.0172434 / ms) 
[17:36:35] [trace] APP: FPS: 62.2226 (0.0160713 / ms) 
[17:36:35] [trace] APP: FPS: 59.4397 (0.0168238 / ms) 
[17:36:35] [trace] APP: FPS: 62.7552 (0.0159349 / ms) 
[17:36:35] [trace] APP: FPS: 58.0318 (0.0172319 / ms) 
[17:36:35] [trace] APP: FPS: 57.776 (0.0173082 / ms) 
[17:36:35] [trace] APP: FPS: 58.7372 (0.017025 / ms) 
[17:36:35] [trace] APP: FPS: 63.527 (0.0157413 / ms) 
[17:36:35] [trace] APP: FPS: 60.1317 (0.0166302 / ms) 
[17:36:35] [trace] APP: FPS: 61.145 (0.0163546 / ms) 
[17:36:35] [trace] APP: FPS: 57.741 (0.0173187 / ms) 
[17:36:35] [trace] APP: FPS: 60.2318 (0.0166025 / ms) 
[17:36:35] [trace] APP: FPS: 61.5904 (0.0162363 / ms) 
[17:36:35] [trace] APP: FPS: 61.0098 (0.0163908 / ms) 
[17:36:35] [trace] APP: FPS: 56.3751 (0.0177383 / ms) 
[17:36:35] [trace] APP: FPS: 61.8592 (0.0161657 / ms) 
[17:36:36] [trace] APP: FPS: 53.6933 (0.0186243 / ms) 
[17:36:36] [trace] APP: FPS: 66.5974 (0.0150156 / ms) 
[17:36:36] [trace] APP: FPS: 65.3034 (0.0153131 / ms) 
[17:36:36] [trace] APP: FPS: 57.7346 (0.0173206 / ms) 
[17:36:36] [trace] APP: FPS: 57.6965 (0.0173321 / ms) 
[17:36:36] [trace] APP: FPS: 61.1379 (0.0163565 / ms) 
[17:36:36] [trace] APP: FPS: 59.1981 (0.0168924 / ms) 
[17:36:36] [trace] APP: FPS: 59.2416 (0.01688 / ms) 
[17:36:36] [trace] APP: FPS: 62.4785 (0.0160055 / ms) 
[17:36:36] [trace] APP: FPS: 61.9396 (0.0161448 / ms) 
[17:36:36] [trace] APP: FPS: 52.7294 (0.0189648 / ms) 
[17:36:36] [trace] APP: FPS: 61.6556 (0.0162191 / ms) 
[17:36:36] [trace] APP: FPS: 66.2398 (0.0150967 / ms) 
[17:36:36] [trace] APP: FPS: 59.0814 (0.0169258 / ms) 
[17:36:36] [trace] APP: FPS: 62.6315 (0.0159664 / ms) 
[17:36:36] [trace] APP: FPS: 59.118 (0.0169153 / ms) 
[17:36:36] [trace] APP: FPS: 59.1781 (0.0168982 / ms) 
[17:36:36] [trace] APP: FPS: 58.5797 (0.0170708 / ms) 
[17:36:36] [trace] APP: FPS: 61.4568 (0.0162716 / ms) 
[17:36:36] [trace] APP: FPS: 61.4172 (0.0162821 / ms) 
[17:36:36] [trace] APP: FPS: 61.4928 (0.0162621 / ms) 
[17:36:36] [trace] APP: FPS: 58.9452 (0.0169649 / ms) 
[17:36:36] [trace] APP: FPS: 59.2483 (0.0168781 / ms) 
[17:36:36] [trace] APP: FPS: 58.7076 (0.0170336 / ms) 
[17:36:36] [trace] APP: FPS: 59.1013 (0.0169201 / ms) 
[17:36:36] [trace] APP: FPS: 62.101 (0.0161028 / ms) 
[17:36:36] [trace] APP: FPS: 57.8493 (0.0172863 / ms) 
[17:36:36] [trace] APP: FPS: 63.0419 (0.0158625 / ms) 
[17:36:36] [trace] APP: FPS: 57.1307 (0.0175037 / ms) 
[17:36:36] [trace] APP: FPS: 59.7649 (0.0167322 / ms) 
[17:36:36] [trace] APP: FPS: 63.3275 (0.0157909 / ms) 
[17:36:36] [trace] APP: FPS: 59.6019 (0.016778 / ms) 
[17:36:36] [trace] APP: FPS: 58.1025 (0.017211 / ms) 
[17:36:36] [trace] APP: FPS: 63.5347 (0.0157394 / ms) 
[17:36:36] [trace] APP: FPS: 59.6663 (0.0167599 / ms) 
[17:36:36] [trace] APP: FPS: 58.9286 (0.0169697 / ms) 
[17:36:36] [trace] APP: FPS: 59.4397 (0.0168238 / ms) 
[17:36:36] [trace] APP: FPS: 59.0215 (0.016943 / ms) 
[17:36:36] [trace] APP: FPS: 58.6091 (0.0170622 / ms) 
[17:36:36] [trace] APP: FPS: 62.8756 (0.0159044 / ms) 
[17:36:36] [trace] APP: FPS: 62.3373 (0.0160418 / ms) 
[17:36:36] [trace] APP: FPS: 56.5483 (0.017684 / ms) 
[17:36:36] [trace] APP: FPS: 61.6556 (0.0162191 / ms) 
[17:36:36] [trace] APP: FPS: 58.4523 (0.017108 / ms) 
[17:36:36] [trace] APP: FPS: 56.9321 (0.0175648 / ms) 
[17:36:36] [trace] APP: FPS: 62.6539 (0.0159607 / ms) 
[17:36:36] [trace] APP: FPS: 61.2593 (0.016324 / ms) 
[17:36:36] [trace] APP: FPS: 56.1186 (0.0178194 / ms) 
[17:36:36] [trace] APP: FPS: 66.244 (0.0150957 / ms) 
[17:36:36] [trace] APP: FPS: 60.8858 (0.0164242 / ms) 
[17:36:36] [trace] APP: FPS: 57.4153 (0.017417 / ms) 
[17:36:36] [trace] APP: FPS: 59.7752 (0.0167294 / ms) 
[17:36:36] [trace] APP: FPS: 63.8908 (0.0156517 / ms) 
[17:36:36] [trace] APP: FPS: 55.5008 (0.0180178 / ms) 
[17:36:36] [trace] APP: FPS: 61.2093 (0.0163374 / ms) 
[17:36:36] [trace] APP: FPS: 58.5731 (0.0170727 / ms) 
[17:36:36] [trace] APP: FPS: 61.5181 (0.0162554 / ms) 
[17:36:36] [trace] APP: FPS: 62.8266 (0.0159168 / ms) 
[17:36:36] [trace] APP: FPS: 60.4018 (0.0165558 / ms) 
[17:36:36] [trace] APP: FPS: 54.9194 (0.0182085 / ms) 
[17:36:37] [trace] APP: FPS: 62.2892 (0.0160542 / ms) 
[17:36:37] [trace] APP: FPS: 55.536 (0.0180063 / ms) 
[17:36:37] [trace] APP: FPS: 69.3824 (0.0144129 / ms) 
[17:36:37] [trace] APP: FPS: 59.6561 (0.0167627 / ms) 
[17:36:37] [trace] APP: FPS: 59.7479 (0.016737 / ms) 
[17:36:37] [trace] APP: FPS: 61.0987 (0.016367 / ms) 
[17:36:37] [trace] APP: FPS: 58.5862 (0.0170689 / ms) 
[17:36:37] [trace] APP: FPS: 60.5763 (0.0165081 / ms) 
[17:36:37] [trace] APP: FPS: 59.3388 (0.0168524 / ms) 
[17:36:37] [trace] APP: FPS: 58.9684 (0.0169582 / ms) 
[17:36:37] [trace] APP: FPS: 59.8024 (0.0167217 / ms) 
[17:36:37] [trace] APP: FPS: 62.7514 (0.0159359 / ms) 
[17:36:37] [trace] APP: FPS: 57.9804 (0.0172472 / ms) 
[17:36:37] [trace] APP: FPS: 61.4208 (0.0162811 / ms) 
[17:36:37] [trace] APP: FPS: 58.3742 (0.0171309 / ms) 
[17:36:37] [trace] APP: FPS: 60.8505 (0.0164337 / ms) 
[17:36:37] [trace] APP: FPS: 62.3373 (0.0160418 / ms) 
[17:36:37] [trace] APP: FPS: 59.2918 (0.0168657 / ms) 
[17:36:37] [trace] APP: FPS: 58.1767 (0.017189 / ms) 
[17:36:37] [trace] APP: FPS: 62.9284 (0.0158911 / ms) 
[17:36:37] [trace] APP: FPS: 56.2662 (0.0177727 / ms) 
[17:36:37] [trace] APP: FPS: 61.6085 (0.0162315 / ms) 
[17:36:37] [trace] APP: FPS: 59.0414 (0.0169373 / ms) 
[17:36:37] [trace] APP: FPS: 58.8493 (0.0169926 / ms) 
[17:36:37] [trace] APP: FPS: 64.4603 (0.0155134 / ms) 
[17:36:37] [trace] APP: FPS: 58.8493 (0.0169926 / ms) 
[17:36:37] [trace] APP: FPS: 59.3019 (0.0168629 / ms) 
[17:36:37] [trace] APP: FPS: 53.9696 (0.0185289 / ms) 
[17:36:37] [trace] APP: FPS: 55.3601 (0.0180635 / ms) 
[17:36:37] [trace] APP: FPS: 70.412 (0.0142021 / ms) 
[17:36:37] [trace] APP: FPS: 58.2898 (0.0171556 / ms) 
[17:36:37] [trace] APP: FPS: 64.5397 (0.0154943 / ms) 
[17:36:37] [trace] APP: FPS: 59.8093 (0.0167198 / ms) 
[17:36:37] [trace] APP: FPS: 59.1714 (0.0169001 / ms) 
[17:36:37] [trace] APP: FPS: 57.494 (0.0173931 / ms) 
[17:36:37] [trace] APP: FPS: 58.7569 (0.0170193 / ms) 
[17:36:37] [trace] APP: FPS: 62.3633 (0.0160351 / ms) 
[17:36:37] [trace] APP: FPS: 60.1282 (0.0166311 / ms) 
[17:36:37] [trace] APP: FPS: 59.3959 (0.0168362 / ms) 
